====Mon Oct 28 10:23:32 GMT+0800 2019====
Error in (PublishHandler): (#1009)null has no properties.
TypeError: Error #1009
	at fairygui.editor.publish.gencode::TplUnityGenerator/run()
	at fairygui.editor.publish::PublishHandler/runStep()
	at fairygui.editor.publish::PublishHandler/generateCode()
	at fairygui.editor.utils::Callback/callOnSuccessImmediately()
	at fairygui.editor.publish::CallPlugins/run()
	at fairygui.editor.publish::PublishHandler/runStep()
	at fairygui.editor.publish::PublishHandler/callPlugins()
	at fairygui.editor.utils::Callback/callOnSuccessImmediately()
	at fairygui.utils::GTimers/__timer()
	at flash.utils::Timer/tick()

====Mon Oct 28 10:23:41 GMT+0800 2019====
Error in (PublishHandler): (#1009)null has no properties.
TypeError: Error #1009
	at fairygui.editor.publish.gencode::TplUnityGenerator/run()
	at fairygui.editor.publish::PublishHandler/runStep()
	at fairygui.editor.publish::PublishHandler/generateCode()
	at fairygui.editor.utils::Callback/callOnSuccessImmediately()
	at fairygui.editor.publish::CallPlugins/run()
	at fairygui.editor.publish::PublishHandler/runStep()
	at fairygui.editor.publish::PublishHandler/callPlugins()
	at fairygui.editor.utils::Callback/callOnSuccessImmediately()
	at fairygui.utils::GTimers/__timer()
	at flash.utils::Timer/tick()

====Mon Oct 28 10:23:46 GMT+0800 2019====
Error in (PublishHandler): (#1009)null has no properties.
TypeError: Error #1009
	at fairygui.editor.publish.gencode::TplUnityGenerator/run()
	at fairygui.editor.publish::PublishHandler/runStep()
	at fairygui.editor.publish::PublishHandler/generateCode()
	at fairygui.editor.utils::Callback/callOnSuccessImmediately()
	at fairygui.editor.publish::CallPlugins/run()
	at fairygui.editor.publish::PublishHandler/runStep()
	at fairygui.editor.publish::PublishHandler/callPlugins()
	at fairygui.editor.utils::Callback/callOnSuccessImmediately()
	at fairygui.utils::GTimers/__timer()
	at flash.utils::Timer/tick()

====Mon Oct 28 10:24:12 GMT+0800 2019====
Error in (PublishHandler): (#1009)null has no properties.
TypeError: Error #1009
	at fairygui.editor.publish.gencode::TplUnityGenerator/run()
	at fairygui.editor.publish::PublishHandler/runStep()
	at fairygui.editor.publish::PublishHandler/generateCode()
	at fairygui.editor.utils::Callback/callOnSuccessImmediately()
	at fairygui.editor.publish::CallPlugins/run()
	at fairygui.editor.publish::PublishHandler/runStep()
	at fairygui.editor.publish::PublishHandler/callPlugins()
	at fairygui.editor.utils::Callback/callOnSuccessImmediately()
	at fairygui.utils::GTimers/__timer()
	at flash.utils::Timer/tick()

====Mon Oct 28 10:25:03 GMT+0800 2019====
Error in (PublishHandler): (#1009)null has no properties.
TypeError: Error #1009
	at fairygui.editor.publish.gencode::TplUnityGenerator/run()
	at fairygui.editor.publish::PublishHandler/runStep()
	at fairygui.editor.publish::PublishHandler/generateCode()
	at fairygui.editor.utils::Callback/callOnSuccessImmediately()
	at fairygui.editor.publish::CallPlugins/run()
	at fairygui.editor.publish::PublishHandler/runStep()
	at fairygui.editor.publish::PublishHandler/callPlugins()
	at fairygui.editor.utils::Callback/callOnSuccessImmediately()
	at fairygui.utils::GTimers/__timer()
	at flash.utils::Timer/tick()

====Mon Oct 28 10:28:21 GMT+0800 2019====
Error in (PublishHandler): (#1009)null has no properties.
TypeError: Error #1009
	at fairygui.editor.publish.gencode::TplUnityGenerator/run()
	at fairygui.editor.publish::PublishHandler/runStep()
	at fairygui.editor.publish::PublishHandler/generateCode()
	at fairygui.editor.utils::Callback/callOnSuccessImmediately()
	at fairygui.editor.publish::CallPlugins/run()
	at fairygui.editor.publish::PublishHandler/runStep()
	at fairygui.editor.publish::PublishHandler/callPlugins()
	at fairygui.editor.utils::Callback/callOnSuccessImmediately()
	at fairygui.utils::GTimers/__timer()
	at flash.utils::Timer/tick()

